[    0.000000] Linux version 4.15.0-212-generic (buildd@lcy02-amd64-083) (gcc version 7.5.0 (Ubuntu 7.5.0-3ubuntu1~18.04)) #223-Ubuntu SMP Tue May 23 13:09:22 UTC 2023 (Ubuntu 4.15.0-212.223-generic 4.15.18)
[    0.000000] Command line: BOOT_IMAGE=/boot/vmlinuz-4.15.0-212-generic root=LABEL=cloudimg-rootfs ro console=tty1 console=ttyS0
[    0.000000] KERNEL supported cpus:
[    0.000000]   Intel GenuineIntel
[    0.000000]   AMD AuthenticAMD
[    0.000000]   Centaur CentaurHauls
[    0.000000] x86/fpu: Supporting XSAVE feature 0x001: 'x87 floating point registers'
[    0.000000] x86/fpu: Supporting XSAVE feature 0x002: 'SSE registers'
[    0.000000] x86/fpu: Supporting XSAVE feature 0x004: 'AVX registers'
[    0.000000] x86/fpu: xstate_offset[2]:  576, xstate_sizes[2]:  256
[    0.000000] x86/fpu: Enabled xstate features 0x7, context size is 832 bytes, using 'standard' format.
[    0.000000] e820: BIOS-provided physical RAM map:
[    0.000000] BIOS-e820: [mem 0x0000000000000000-0x000000000009fbff] usable
[    0.000000] BIOS-e820: [mem 0x000000000009fc00-0x000000000009ffff] reserved
[    0.000000] BIOS-e820: [mem 0x00000000000f0000-0x00000000000fffff] reserved
[    0.000000] BIOS-e820: [mem 0x0000000000100000-0x000000003ffeffff] usable
[    0.000000] BIOS-e820: [mem 0x000000003fff0000-0x000000003fffffff] ACPI data
[    0.000000] BIOS-e820: [mem 0x00000000fec00000-0x00000000fec00fff] reserved
[    0.000000] BIOS-e820: [mem 0x00000000fee00000-0x00000000fee00fff] reserved
[    0.000000] BIOS-e820: [mem 0x00000000fffc0000-0x00000000ffffffff] reserved
[    0.000000] NX (Execute Disable) protection: active
[    0.000000] SMBIOS 2.5 present.
[    0.000000] DMI: innotek GmbH VirtualBox/VirtualBox, BIOS VirtualBox 12/01/2006
[    0.000000] Hypervisor detected: KVM
[    0.000000] e820: last_pfn = 0x3fff0 max_arch_pfn = 0x400000000
[    0.000000] x86/PAT: Configuration [0-7]: WB  WC  UC- UC  WB  WP  UC- WT  
[    0.000000] found SMP MP-table at [mem 0x0009fbf0-0x0009fbff]
[    0.000000] Scanning 1 areas for low memory corruption
[    0.000000] RAMDISK: [mem 0x359cb000-0x36cdcfff]
[    0.000000] ACPI: Early table checksum verification disabled
[    0.000000] ACPI: RSDP 0x00000000000E0000 000024 (v02 VBOX  )
[    0.000000] ACPI: XSDT 0x000000003FFF0030 00003C (v01 VBOX   VBOXXSDT 00000001 ASL  00000061)
[    0.000000] ACPI: FACP 0x000000003FFF00F0 0000F4 (v04 VBOX   VBOXFACP 00000001 ASL  00000061)
[    0.000000] ACPI: DSDT 0x000000003FFF0610 002353 (v02 VBOX   VBOXBIOS 00000002 INTL 20100528)
[    0.000000] ACPI: FACS 0x000000003FFF0200 000040
[    0.000000] ACPI: FACS 0x000000003FFF0200 000040
[    0.000000] ACPI: APIC 0x000000003FFF0240 00005C (v02 VBOX   VBOXAPIC 00000001 ASL  00000061)
[    0.000000] ACPI: SSDT 0x000000003FFF02A0 00036C (v01 VBOX   VBOXCPUT 00000002 INTL 20100528)
[    0.000000] ACPI: Reserving FACP table memory at [mem 0x3fff00f0-0x3fff01e3]
[    0.000000] ACPI: Reserving DSDT table memory at [mem 0x3fff0610-0x3fff2962]
[    0.000000] ACPI: Reserving FACS table memory at [mem 0x3fff0200-0x3fff023f]
[    0.000000] ACPI: Reserving FACS table memory at [mem 0x3fff0200-0x3fff023f]
[    0.000000] ACPI: Reserving APIC table memory at [mem 0x3fff0240-0x3fff029b]
[    0.000000] ACPI: Reserving SSDT table memory at [mem 0x3fff02a0-0x3fff060b]
[    0.000000] No NUMA configuration found
[    0.000000] Faking a node at [mem 0x0000000000000000-0x000000003ffeffff]
[    0.000000] NODE_DATA(0) allocated [mem 0x3ffc5000-0x3ffeffff]
[    0.000000] kvm-clock: cpu 0, msr 0:3ff44001, primary cpu clock
[    0.000000] kvm-clock: Using msrs 4b564d01 and 4b564d00
[    0.000000] kvm-clock: using sched offset of 5219421352 cycles
[    0.000000] clocksource: kvm-clock: mask: 0xffffffffffffffff max_cycles: 0x1cd42e4dffb, max_idle_ns: 881590591483 ns
[    0.000000] Zone ranges:
[    0.000000]   DMA      [mem 0x0000000000001000-0x0000000000ffffff]
[    0.000000]   DMA32    [mem 0x0000000001000000-0x000000003ffeffff]
[    0.000000]   Normal   empty
[    0.000000]   Device   empty
[    0.000000] Movable zone start for each node
[    0.000000] Early memory node ranges
[    0.000000]   node   0: [mem 0x0000000000001000-0x000000000009efff]
[    0.000000]   node   0: [mem 0x0000000000100000-0x000000003ffeffff]
[    0.000000] Reserved but unavailable: 104 pages
[    0.000000] Initmem setup node 0 [mem 0x0000000000001000-0x000000003ffeffff]
[    0.000000] ACPI: PM-Timer IO Port: 0x4008
[    0.000000] IOAPIC[0]: apic_id 2, version 32, address 0xfec00000, GSI 0-23
[    0.000000] ACPI: INT_SRC_OVR (bus 0 bus_irq 0 global_irq 2 dfl dfl)
[    0.000000] ACPI: INT_SRC_OVR (bus 0 bus_irq 9 global_irq 9 low level)
[    0.000000] Using ACPI (MADT) for SMP configuration information
[    0.000000] smpboot: Allowing 2 CPUs, 0 hotplug CPUs
[    0.000000] PM: Registered nosave memory: [mem 0x00000000-0x00000fff]
[    0.000000] PM: Registered nosave memory: [mem 0x0009f000-0x0009ffff]
[    0.000000] PM: Registered nosave memory: [mem 0x000a0000-0x000effff]
[    0.000000] PM: Registered nosave memory: [mem 0x000f0000-0x000fffff]
[    0.000000] e820: [mem 0x40000000-0xfebfffff] available for PCI devices
[    0.000000] Booting paravirtualized kernel on KVM
[    0.000000] clocksource: refined-jiffies: mask: 0xffffffff max_cycles: 0xffffffff, max_idle_ns: 7645519600211568 ns
[    0.000000] setup_percpu: NR_CPUS:8192 nr_cpumask_bits:2 nr_cpu_ids:2 nr_node_ids:1
[    0.000000] percpu: Embedded 50 pages/cpu s167936 r8192 d28672 u1048576
[    0.000000] PV qspinlock hash table entries: 256 (order: 0, 4096 bytes)
[    0.000000] Built 1 zonelists, mobility grouping on.  Total pages: 257913
[    0.000000] Policy zone: DMA32
[    0.000000] Kernel command line: BOOT_IMAGE=/boot/vmlinuz-4.15.0-212-generic root=LABEL=cloudimg-rootfs ro console=tty1 console=ttyS0
[    0.000000] Memory: 982644K/1048120K available (12300K kernel code, 2477K rwdata, 4324K rodata, 2480K init, 2720K bss, 65476K reserved, 0K cma-reserved)
[    0.000000] SLUB: HWalign=64, Order=0-3, MinObjects=0, CPUs=2, Nodes=1
[    0.000000] Kernel/User page tables isolation: enabled
[    0.000000] ftrace: allocating 39508 entries in 155 pages
[    0.004000] Hierarchical RCU implementation.
[    0.004000] 	RCU restricting CPUs from NR_CPUS=8192 to nr_cpu_ids=2.
[    0.004000] 	Tasks RCU enabled.
[    0.004000] RCU: Adjusting geometry for rcu_fanout_leaf=16, nr_cpu_ids=2
[    0.004000] NR_IRQS: 524544, nr_irqs: 440, preallocated irqs: 16
[    0.004000] random: crng init done
[    0.004000] Console: colour VGA+ 80x25
[    0.004000] console [tty1] enabled
[    0.004000] console [ttyS0] enabled
[    0.004000] ACPI: Core revision 20170831
[    0.004000] ACPI: 2 ACPI AML tables successfully acquired and loaded
[    0.004000] APIC: Switch to symmetric I/O mode setup
[    0.004000] x2apic enabled
[    0.004000] Switched APIC routing to physical x2apic.
[    0.006127] ..TIMER: vector=0x30 apic1=0 pin1=2 apic2=-1 pin2=-1
[    0.008007] tsc: Detected 2711.998 MHz processor
[    0.009040] Calibrating delay loop (skipped) preset value.. 5423.99 BogoMIPS (lpj=10847992)
[    0.009849] pid_max: default: 32768 minimum: 301
[    0.010872] Security Framework initialized
[    0.012003] Yama: becoming mindful.
[    0.012822] AppArmor: AppArmor initialized
[    0.016143] Dentry cache hash table entries: 131072 (order: 8, 1048576 bytes)
[    0.020175] Inode-cache hash table entries: 65536 (order: 7, 524288 bytes)
[    0.024040] Mount-cache hash table entries: 2048 (order: 2, 16384 bytes)
[    0.028022] Mountpoint-cache hash table entries: 2048 (order: 2, 16384 bytes)
[    0.032000] Last level iTLB entries: 4KB 64, 2MB 8, 4MB 8
[    0.032007] Last level dTLB entries: 4KB 64, 2MB 0, 4MB 0, 1GB 4
[    0.036016] Spectre V1 : Mitigation: usercopy/swapgs barriers and __user pointer sanitization
[    0.044009] Spectre V2 : Mitigation: Retpolines
[    0.046272] Spectre V2 : Spectre v2 / SpectreRSB mitigation: Filling RSB on context switch
[    0.048005] Spectre V2 : Spectre v2 / SpectreRSB : Filling RSB on VMEXIT
[    0.052007] RETBleed: WARNING: Spectre v2 mitigation leaves CPU vulnerable to RETBleed attacks, data leaks possible!
[    0.056010] RETBleed: Vulnerable
[    0.060006] Speculative Store Bypass: Vulnerable
[    0.062629] MDS: Mitigation: Clear CPU buffers
[    0.064006] MMIO Stale Data: Mitigation: Clear CPU buffers
[    0.068010] SRBDS: Unknown: Dependent on hypervisor status
[    0.072517] Freeing SMP alternatives memory: 36K
[    0.187615] smpboot: CPU0: Intel(R) Core(TM) i5-7300U CPU @ 2.60GHz (family: 0x6, model: 0x8e, stepping: 0x9)
[    0.188158] Performance Events: unsupported p6 CPU model 142 no PMU driver, software events only.
[    0.192070] Hierarchical SRCU implementation.
[    0.194374] NMI watchdog: Perf event create on CPU 0 failed with -2
[    0.196003] NMI watchdog: Perf NMI watchdog permanently disabled
[    0.197260] smp: Bringing up secondary CPUs ...
[    0.198532] x86: Booting SMP configuration:
[    0.200012] .... node  #0, CPUs:      #1
[    0.004000] kvm-clock: cpu 1, msr 0:3ff44041, secondary cpu clock
[    0.204025] smp: Brought up 1 node, 2 CPUs
[    0.204882] smpboot: Max logical packages: 1
[    0.205715] smpboot: Total of 2 processors activated (10847.99 BogoMIPS)
[    0.208299] devtmpfs: initialized
[    0.208775] x86/mm: Memory block size: 128MB
[    0.209824] evm: security.selinux
[    0.210501] evm: security.SMACK64
[    0.211129] evm: security.SMACK64EXEC
[    0.212003] evm: security.SMACK64TRANSMUTE
[    0.212800] evm: security.SMACK64MMAP
[    0.213816] evm: security.apparmor
[    0.214456] evm: security.ima
[    0.215117] evm: security.capability
[    0.216137] clocksource: jiffies: mask: 0xffffffff max_cycles: 0xffffffff, max_idle_ns: 7645041785100000 ns
[    0.218095] futex hash table entries: 512 (order: 3, 32768 bytes)
[    0.220063] pinctrl core: initialized pinctrl subsystem
[    0.224105] RTC time: 18:05:57, date: 11/24/24
[    0.225810] NET: Registered protocol family 16
[    0.228091] audit: initializing netlink subsys (disabled)
[    0.229349] audit: type=2000 audit(1732471564.014:1): state=initialized audit_enabled=0 res=1
[    0.229913] cpuidle: using governor ladder
[    0.232015] cpuidle: using governor menu
[    0.233141] ACPI: bus type PCI registered
[    0.234075] acpiphp: ACPI Hot Plug PCI Controller Driver version: 0.5
[    0.236019] PCI: Using configuration type 1 for base access
[    0.237423] HugeTLB registered 2.00 MiB page size, pre-allocated 0 pages
[    0.240079] ACPI: Added _OSI(Module Device)
[    0.241085] ACPI: Added _OSI(Processor Device)
[    0.242094] ACPI: Added _OSI(3.0 _SCP Extensions)
[    0.243150] ACPI: Added _OSI(Processor Aggregator Device)
[    0.244004] ACPI: Added _OSI(Linux-Dell-Video)
[    0.245109] ACPI: Added _OSI(Linux-Lenovo-NV-HDMI-Audio)
[    0.246309] ACPI: Added _OSI(Linux-HPI-Hybrid-Graphics)
[    0.248410] ACPI: Executed 1 blocks of module-level executable AML code
[    0.260772] ACPI: Interpreter enabled
[    0.262808] ACPI: (supports S0 S5)
[    0.264007] ACPI: Using IOAPIC for interrupt routing
[    0.268717] PCI: Using host bridge windows from ACPI; if necessary, use "pci=nocrs" and report a bug
[    0.272523] ACPI: Enabled 2 GPEs in block 00 to 07
[    0.296484] ACPI: PCI Root Bridge [PCI0] (domain 0000 [bus 00-ff])
[    0.299805] acpi PNP0A03:00: _OSC: OS supports [ASPM ClockPM Segments MSI]
[    0.304621] acpi PNP0A03:00: _OSC: not requesting OS control; OS requires [ExtendedConfig ASPM ClockPM MSI]
[    0.308032] acpi PNP0A03:00: fail to add MMCONFIG information, can't access extended PCI configuration space under this bridge.
[    0.317461] PCI host bridge to bus 0000:00
[    0.319517] pci_bus 0000:00: root bus resource [io  0x0000-0x0cf7 window]
[    0.320011] pci_bus 0000:00: root bus resource [io  0x0d00-0xffff window]
[    0.324011] pci_bus 0000:00: root bus resource [mem 0x000a0000-0x000bffff window]
[    0.328015] pci_bus 0000:00: root bus resource [mem 0x40000000-0xfdffffff window]
[    0.332012] pci_bus 0000:00: root bus resource [bus 00-ff]
[    0.341694] pci 0000:00:01.1: legacy IDE quirk: reg 0x10: [io  0x01f0-0x01f7]
[    0.344009] pci 0000:00:01.1: legacy IDE quirk: reg 0x14: [io  0x03f6]
[    0.348014] pci 0000:00:01.1: legacy IDE quirk: reg 0x18: [io  0x0170-0x0177]
[    0.352008] pci 0000:00:01.1: legacy IDE quirk: reg 0x1c: [io  0x0376]
[    0.392296] pci 0000:00:07.0: quirk: [io  0x4000-0x403f] claimed by PIIX4 ACPI
[    0.396051] pci 0000:00:07.0: quirk: [io  0x4100-0x410f] claimed by PIIX4 SMB
[    0.420000] ACPI: PCI Interrupt Link [LNKA] (IRQs 5 9 10 *11)
[    0.421418] ACPI: PCI Interrupt Link [LNKB] (IRQs 5 9 *10 11)
[    0.424674] ACPI: PCI Interrupt Link [LNKC] (IRQs 5 *9 10 11)
[    0.428340] ACPI: PCI Interrupt Link [LNKD] (IRQs 5 9 10 *11)
[    0.432990] SCSI subsystem initialized
[    0.436241] pci 0000:00:02.0: vgaarb: setting as boot VGA device
[    0.439193] pci 0000:00:02.0: vgaarb: VGA device added: decodes=io+mem,owns=io+mem,locks=none
[    0.440030] pci 0000:00:02.0: vgaarb: bridge control possible
[    0.442804] vgaarb: loaded
[    0.444091] ACPI: bus type USB registered
[    0.446234] usbcore: registered new interface driver usbfs
[    0.448045] usbcore: registered new interface driver hub
[    0.452041] usbcore: registered new device driver usb
[    0.456139] EDAC MC: Ver: 3.0.0
[    0.460613] PCI: Using ACPI for IRQ routing
[    0.464429] NetLabel: Initializing
[    0.466276] NetLabel:  domain hash size = 128
[    0.468000] NetLabel:  protocols = UNLABELED CIPSOv4 CALIPSO
[    0.468068] NetLabel:  unlabeled traffic allowed by default
[    0.472255] clocksource: Switched to clocksource kvm-clock
[    0.532161] VFS: Disk quotas dquot_6.6.0
[    0.535580] VFS: Dquot-cache hash table entries: 512 (order 0, 4096 bytes)
[    0.540134] AppArmor: AppArmor Filesystem Enabled
[    0.543290] pnp: PnP ACPI init
[    0.549883] pnp: PnP ACPI: found 3 devices
[    0.572246] clocksource: acpi_pm: mask: 0xffffff max_cycles: 0xffffff, max_idle_ns: 2085701024 ns
[    0.575976] NET: Registered protocol family 2
[    0.577700] IP idents hash table entries: 16384 (order: 5, 131072 bytes)
[    0.584443] TCP established hash table entries: 8192 (order: 4, 65536 bytes)
[    0.586967] TCP bind hash table entries: 8192 (order: 5, 131072 bytes)
[    0.588983] TCP: Hash tables configured (established 8192 bind 8192)
[    0.591556] UDP hash table entries: 512 (order: 2, 16384 bytes)
[    0.593361] UDP-Lite hash table entries: 512 (order: 2, 16384 bytes)
[    0.594935] NET: Registered protocol family 1
[    0.596064] pci 0000:00:00.0: Limiting direct PCI/PCI transfers
[    0.597946] pci 0000:00:01.0: Activating ISA DMA hang workarounds
[    0.600364] pci 0000:00:02.0: Video device with shadowed ROM at [mem 0x000c0000-0x000dffff]
[    0.603770] Unpacking initramfs...
[    1.451173] Freeing initrd memory: 19528K
[    1.454174] clocksource: tsc: mask: 0xffffffffffffffff max_cycles: 0x27178451938, max_idle_ns: 440795251172 ns
[    1.459405] platform rtc_cmos: registered platform RTC device (no PNP device found)
[    1.463442] Scanning for low memory corruption every 60 seconds
[    1.468710] Initialise system trusted keyrings
[    1.471042] Key type blacklist registered
[    1.473645] workingset: timestamp_bits=36 max_order=18 bucket_order=0
[    1.479917] zbud: loaded
[    1.483026] squashfs: version 4.0 (2009/01/31) Phillip Lougher
[    1.486915] fuse init (API version 7.26)
[    1.494744] Key type asymmetric registered
[    1.497045] Asymmetric key parser 'x509' registered
[    1.500649] Block layer SCSI generic (bsg) driver version 0.4 loaded (major 246)
[    1.505330] io scheduler noop registered
[    1.507313] io scheduler deadline registered
[    1.509805] io scheduler cfq registered (default)
[    1.512953] ACPI: AC Adapter [AC] (off-line)
[    1.515308] input: Power Button as /devices/LNXSYSTM:00/LNXPWRBN:00/input/input0
[    1.519361] ACPI: Power Button [PWRF]
[    1.521822] input: Sleep Button as /devices/LNXSYSTM:00/LNXSLPBN:00/input/input1
[    1.525665] ACPI: Sleep Button [SLPF]
[    1.531019] ACPI: Battery Slot [BAT0] (battery present)
[    1.534378] Serial: 8250/16550 driver, 32 ports, IRQ sharing enabled
[    1.559724] 00:02: ttyS0 at I/O 0x3f8 (irq = 4, base_baud = 115200) is a 16550A
[    1.571597] Linux agpgart interface v0.103
[    1.584335] loop: module loaded
[    1.587418] scsi host0: ata_piix
[    1.589566] scsi host1: ata_piix
[    1.591463] ata1: PATA max UDMA/33 cmd 0x1f0 ctl 0x3f6 bmdma 0xd000 irq 14
[    1.594945] ata2: PATA max UDMA/33 cmd 0x170 ctl 0x376 bmdma 0xd008 irq 15
[    1.600075] tun: Universal TUN/TAP device driver, 1.6
[    1.603364] PPP generic driver version 2.4.2
[    1.605929] ehci_hcd: USB 2.0 'Enhanced' Host Controller (EHCI) Driver
[    1.609234] ehci-pci: EHCI PCI platform driver
[    1.611656] ehci-platform: EHCI generic platform driver
[    1.614259] ohci_hcd: USB 1.1 'Open' Host Controller (OHCI) Driver
[    1.617893] ohci-pci: OHCI PCI platform driver
[    1.620510] ohci-platform: OHCI generic platform driver
[    1.623055] uhci_hcd: USB Universal Host Controller Interface driver
[    1.626372] i8042: PNP: PS/2 Controller [PNP0303:PS2K,PNP0f03:PS2M] at 0x60,0x64 irq 1,12
[    1.633912] serio: i8042 KBD port at 0x60,0x64 irq 1
[    1.638366] serio: i8042 AUX port at 0x60,0x64 irq 12
[    1.643145] mousedev: PS/2 mouse device common for all mice
[    1.652309] input: AT Translated Set 2 keyboard as /devices/platform/i8042/serio0/input/input2
[    1.656428] rtc_cmos rtc_cmos: rtc core: registered rtc_cmos as rtc0
[    1.665984] rtc_cmos rtc_cmos: alarms up to one day, 114 bytes nvram
[    1.670948] i2c /dev entries driver
[    1.673212] device-mapper: uevent: version 1.0.3
[    1.676550] device-mapper: ioctl: 4.37.0-ioctl (2017-09-20) initialised: dm-devel@redhat.com
[    1.682789] ledtrig-cpu: registered to indicate activity on CPUs
[    1.688873] NET: Registered protocol family 10
[    1.702460] Segment Routing with IPv6
[    1.704898] NET: Registered protocol family 17
[    1.708571] Key type dns_resolver registered
[    1.712515] mce: Using 0 MCE banks
[    1.715624] RAS: Correctable Errors collector initialized.
[    1.719432] sched_clock: Marking stable (1719329567, 0)->(2118438486, -399108919)
[    1.726314] registered taskstats version 1
[    1.729843] Loading compiled-in X.509 certificates
[    1.740189] Loaded X.509 cert 'Build time autogenerated kernel key: b5b26778eaa3ab3a4a6cee031137706e947d12ad'
[    1.744781] Loaded X.509 cert 'Canonical Ltd. Live Patch Signing: 14df34d1a87cf37625abec039ef2bf521249b969'
[    1.748778] Loaded X.509 cert 'Canonical Ltd. Kernel Module Signing: 88f752e560a1e0737e31163a466ad7b70a850c19'
[    1.751231] blacklist: Loading compiled-in revocation X.509 certificates
[    1.753327] Loaded X.509 cert 'Canonical Ltd. Secure Boot Signing: 61482aa2830d0ab2ad5af10b7250da9033ddcef0'
[    1.756269] Loaded X.509 cert 'Canonical Ltd. Secure Boot Signing (2017): 242ade75ac4a15e50d50c84b0d45ff3eae707a03'
[    1.759072] Loaded X.509 cert 'Canonical Ltd. Secure Boot Signing (ESM 2018): 365188c1d374d6b07c3c8f240f8ef722433d6a8b'
[    1.761863] Loaded X.509 cert 'Canonical Ltd. Secure Boot Signing (2019): c0746fd6c5da3ae827864651ad66ae47fe24b3e8'
[    1.764684] Loaded X.509 cert 'Canonical Ltd. Secure Boot Signing (2021 v1): a8d54bbb3825cfb94fa13c9f8a594a195c107b8d'
[    1.767960] Loaded X.509 cert 'Canonical Ltd. Secure Boot Signing (2021 v2): 4cf046892d6fd3c9a5b03f98d845f90851dc6a8c'
[    1.782158] Loaded X.509 cert 'Canonical Ltd. Secure Boot Signing (2021 v3): 100437bb6de6e469b581e61cd66bce3ef4ed53af'
[    1.785202] Loaded X.509 cert 'Canonical Ltd. Secure Boot Signing (Ubuntu Core 2019): c1d57b8f6b743f23ee41f4f7ee292f06eecadfb9'
[    1.787865] zswap: loaded using pool lzo/zbud
[    1.797016] Key type big_key registered
[    1.799734] Key type trusted registered
[    1.805242] Key type encrypted registered
[    1.807229] AppArmor: AppArmor sha1 policy hashing enabled
[    1.809967] ima: No TPM chip found, activating TPM-bypass! (rc=-19)
[    1.813071] ima: Allocated hash algorithm: sha1
[    1.815313] evm: HMAC attrs: 0x1
[    1.817974]   Magic number: 0:259:90
[    1.819845]  edac: hash matches
[    1.821893] rtc_cmos rtc_cmos: setting system clock to 2024-11-24 18:05:59 UTC (1732471559)
[    1.826130] BIOS EDD facility v0.16 2004-Jun-25, 0 devices found
[    1.829061] EDD information not available.
[    1.837975] Freeing unused kernel image memory: 2480K
[    2.348484] Write protecting the kernel read-only data: 20480k
[    2.354938] Freeing unused kernel image memory: 2008K
[    2.360431] Freeing unused kernel image memory: 1820K
[    2.401720] x86/mm: Checked W+X mappings: passed, no W+X pages found.
[    2.406518] x86/mm: Checking user space page tables
[    2.440755] x86/mm: Checked W+X mappings: passed, no W+X pages found.
Loading, please wait...
starting version 237
[    2.706307] Fusion MPT base driver 3.04.20
[    2.709125] Copyright (c) 1999-2008 LSI Corporation
[    2.714934] e1000: Intel(R) PRO/1000 Network Driver - version 7.3.21-k8-NAPI
[    2.718930] e1000: Copyright (c) 1999-2006 Intel Corporation.
[    2.775289] Fusion MPT SPI Host driver 3.04.20
[    2.777893] AVX2 version of gcm_enc/dec engaged.
[    2.779853] AES CTR mode by8 optimization enabled
[    3.010077] input: ImExPS/2 Generic Explorer Mouse as /devices/platform/i8042/serio1/input/input4
[    3.415204] e1000 0000:00:03.0 eth0: (PCI:33MHz:32-bit) 02:3b:7b:b7:3b:2d
[    3.421517] e1000 0000:00:03.0 eth0: Intel(R) PRO/1000 Network Connection
[    3.433630] mptbase: ioc0: Initiating bringup
[    3.437934] e1000 0000:00:03.0 enp0s3: renamed from eth0
[    3.553757] ioc0: LSI53C1030 A0: Capabilities={Initiator}
[    3.807821] scsi host2: ioc0: LSI53C1030 A0, FwRev=00000000h, Ports=1, MaxQ=256, IRQ=20
[    3.990032] scsi 2:0:0:0: Direct-Access     VBOX     HARDDISK         1.0  PQ: 0 ANSI: 5
[    4.036564] scsi target2:0:0: Beginning Domain Validation
[    4.040050] scsi target2:0:0: Domain Validation skipping write tests
[    4.042103] scsi target2:0:0: Ending Domain Validation
[    4.043637] scsi target2:0:0: asynchronous
[    4.046405] scsi 2:0:1:0: Direct-Access     VBOX     HARDDISK         1.0  PQ: 0 ANSI: 5
[    4.080243] scsi target2:0:1: Beginning Domain Validation
[    4.087526] scsi target2:0:1: Domain Validation skipping write tests
[    4.090748] scsi target2:0:1: Ending Domain Validation
[    4.093601] scsi target2:0:1: asynchronous
[    4.109209] sd 2:0:0:0: Attached scsi generic sg0 type 0
[    4.109975] sd 2:0:0:0: [sda] 83886080 512-byte logical blocks: (42.9 GB/40.0 GiB)
[    4.113528] sd 2:0:1:0: Attached scsi generic sg1 type 0
[    4.119279] sd 2:0:0:0: [sda] Write Protect is off
[    4.124692] sd 2:0:0:0: [sda] Incomplete mode parameter data
[    4.124713] sd 2:0:1:0: [sdb] 20480 512-byte logical blocks: (10.5 MB/10.0 MiB)
[    4.128655] sd 2:0:0:0: [sda] Assuming drive cache: write through
[    4.136606] sd 2:0:1:0: [sdb] Write Protect is off
[    4.140260] sd 2:0:1:0: [sdb] Incomplete mode parameter data
[    4.141793]  sda: sda1
[    4.144158] sd 2:0:1:0: [sdb] Assuming drive cache: write through
[    4.154362] sd 2:0:0:0: [sda] Attached SCSI disk
[    4.160691] sd 2:0:1:0: [sdb] Attached SCSI disk
Begin: Loading essential drivers ... [    6.484114] raid6: sse2x1   gen()  5673 MB/s
[    6.532091] raid6: sse2x1   xor()  2466 MB/s
[    6.580093] raid6: sse2x2   gen()  4020 MB/s
[    6.628041] raid6: sse2x2   xor()  3788 MB/s
[    6.676084] raid6: sse2x4   gen()  6336 MB/s
[    6.724116] raid6: sse2x4   xor()  3781 MB/s
[    6.772096] raid6: avx2x1   gen()  8540 MB/s
[    6.820072] raid6: avx2x1   xor()  6217 MB/s
[    6.868069] raid6: avx2x2   gen() 11468 MB/s
[    6.916042] raid6: avx2x2   xor()  6766 MB/s
[    6.964076] raid6: avx2x4   gen() 11895 MB/s
[    7.012086] raid6: avx2x4   xor()  7454 MB/s
[    7.014278] raid6: using algorithm avx2x4 gen() 11895 MB/s
[    7.017105] raid6: .... xor() 7454 MB/s, rmw enabled
[    7.019505] raid6: using avx2x2 recovery algorithm
[    7.025059] xor: automatically using best checksumming function   avx       
[    7.032381] async_tx: api initialized (async)
done.
Begin: Running /scripts/init-premount ... done.
Begin: Mounting root file system ... Begin: Running /scripts/local-top ... done.
Begin: Running /scripts/local-premount ... [    7.154319] Btrfs loaded, crc32c=crc32c-intel
Scanning for Btrfs filesystems
done.
Warning: fsck not present, so skipping root file system
[    7.232184] EXT4-fs (sda1): mounted filesystem with ordered data mode. Opts: (null)
done.
Begin: Running /scripts/local-bottom ... done.
Begin: Running /scripts/init-bottom ... done.
[    7.711037] ip_tables: (C) 2000-2006 Netfilter Core Team
[    7.757439] systemd[1]: systemd 237 running in system mode. (+PAM +AUDIT +SELINUX +IMA +APPARMOR +SMACK +SYSVINIT +UTMP +LIBCRYPTSETUP +GCRYPT +GNUTLS +ACL +XZ +LZ4 +SECCOMP +BLKID +ELFUTILS +KMOD -IDN2 +IDN -PCRE2 default-hierarchy=hybrid)
[    7.779144] systemd[1]: Detected virtualization oracle.
[    7.782402] systemd[1]: Detected architecture x86-64.

Welcome to [1mUbuntu 18.04.6 LTS[0m!

[    7.795897] systemd[1]: Set hostname to <ubuntu>.
[    7.802191] systemd[1]: Initializing machine ID from random generator.
[    7.804239] systemd[1]: Installed transient /etc/machine-id file.
[    8.598701] systemd[1]: Reached target User and Group Name Lookups.
[[0;32m  OK  [0m] Reached target User and Group Name Lookups.
[    8.612596] systemd[1]: Created slice User and Session Slice.
[[0;32m  OK  [0m] Created slice User and Session Slice.
[    8.620264] systemd[1]: Reached target System Time Synchronized.
[[0;32m  OK  [0m] Reached target System Time Synchronized.
[    8.629746] systemd[1]: Created slice System Slice.
[[0;32m  OK  [0m] Created slice System Slice.
[[0;32m  OK  [0m] Listening on LVM2 metadata daemon socket.
[[0;32m  OK  [0m] Listening on Journal Socket (/dev/log).
[[0;32m  OK  [0m] Created slice system-serial\x2dgetty.slice.
[[0;32m  OK  [0m] Listening on Syslog Socket.
[[0;32m  OK  [0m] Listening on Device-mapper event daemon FIFOs.
[[0;32m  OK  [0m] Listening on /dev/initctl Compatibility Named Pipe.
[[0;32m  OK  [0m] Reached target Slices.
[[0;32m  OK  [0m] Listening on udev Control Socket.
[[0;32m  OK  [0m] Started Forward Password Requests to Wall Directory Watch.
[[0;32m  OK  [0m] Set up automount Arbitrary Executab…rmats File System Automount Point.
[[0;32m  OK  [0m] Reached target Swap.
[[0;32m  OK  [0m] Listening on LVM2 poll daemon socket.
[[0;32m  OK  [0m] Listening on Journal Socket.
         Starting Create list of required st…ce nodes for the current kernel...
         Starting Load Kernel Modules...
         Mounting POSIX Message Queue File System...
         Starting Uncomplicated firewall...
         Mounting Huge Pages File System...
[[0;32m  OK  [0m] Listening on udev Kernel Socket.
[    9.154895] Loading iSCSI transport class v2.0-870.
         Starting udev Coldplug all Devices...
         Mounting Kernel Debug File System...
         Starting Monitoring of LVM2 mirrors…ng dmeventd or progress polling...
[[0;32m  OK  [0m] Reached target Mounting snaps.
[[0;32m  OK  [0m] Listening on fsck to fsckd communication Socket.
         Starting File System Check on Root Device...
[[0;32m  OK  [0m] Listening on Network Service Netlink Socket.
         Starting Set the console keyboard layout...
[[0;32m  OK  [0m] Reached target Mounted snaps.
[[0;32m  OK  [0m] Listening on Journal Audit Socket.
         Starting Journal Service...
[[0;32m  OK  [0m] Started Create list of required sta…vice nodes for the current kernel.
[[0;32m  OK  [0m] Mounted POSIX Message Queue File System.
[[0;32m  OK  [0m] Started Uncomplicated firewall.
[[0;32m  OK  [0m] Mounted Huge Pages File System.
[[0;32m  OK  [0m] Mounted Kernel Debug File System.
[[0;32m  OK  [0m] Started File System Check Daemon to report status.
         Starting Create Static Device Nodes in /dev...
[[0;32m  OK  [0m] Started LVM2 metadata daemon.
[    9.460560] iscsi: registered transport (tcp)
[[0;32m  OK  [0m] Started File System Check on Root Device.
         Starting Remount Root and Kernel File Systems...
[[0;32m  OK  [0m] Started Create Static Device Nodes in /dev.
[    9.697919] EXT4-fs (sda1): re-mounted. Opts: (null)
[[0;32m  OK  [0m] Started Monitoring of LVM2 mirrors,…sing dmeventd or progress polling.
[[0;32m  OK  [0m] Started Remount Root and Kernel File Systems.
         Starting Load/Save Random Seed...
         Starting udev Kernel Device Manager...
[[0;32m  OK  [0m] Started Journal Service.
         Starting Flush Journal to Persistent Storage...
[    9.806928] systemd-journald[408]: Received request to flush runtime journal from PID 1
[[0;32m  OK  [0m] Started udev Coldplug all Devices.
[[0;32m  OK  [0m] Started udev Kernel Device Manager.
[[0;32m  OK  [0m] Started Load/Save Random Seed.
[    9.919196] iscsi: registered transport (iser)
[[0;32m  OK  [0m] Started Load Kernel Modules.
         Starting Apply Kernel Variables...
         Mounting Kernel Configuration File System...
         Mounting FUSE Control File System...
[[0;32m  OK  [0m] Started Flush Journal to Persistent Storage.
[[0;32m  OK  [0m] Mounted Kernel Configuration File System.
[[0;32m  OK  [0m] Mounted FUSE Control File System.
[[0;32m  OK  [0m] Started Apply Kernel Variables.
[[0;32m  OK  [0m] Found device /dev/ttyS0.
[[0;32m  OK  [0m] Listening on Load/Save RF Kill Switch Status /dev/rfkill Watch.
         Mounting Arbitrary Executable File Formats File System...
[[0;32m  OK  [0m] Mounted Arbitrary Executable File Formats File System.
[[0;32m  OK  [0m] Started Set the console keyboard layout.
[[0;32m  OK  [0m] Started Dispatch Password Requests to Console Directory Watch.
[[0;32m  OK  [0m] Reached target Local Encrypted Volumes.
[[0;32m  OK  [0m] Reached target Local File Systems (Pre).
[[0;32m  OK  [0m] Reached target Local File Systems.
         Starting Set console font and keymap...
         Starting Create Volatile Files and Directories...
         Starting ebtables ruleset management...
         Starting AppArmor initialization...
         Starting Commit a transient machine-id on disk...
         Starting Tell Plymouth To Write Out Runtime Data...
[[0;32m  OK  [0m] Started Tell Plymouth To Write Out Runtime Data.
[[0;32m  OK  [0m] Started Create Volatile Files and Directories.
         Starting Update UTMP about System Boot/Shutdown...
[[0;32m  OK  [0m] Started Commit a transient machine-id on disk.
[[0;32m  OK  [0m] Started Update UTMP about System Boot/Shutdown.
[[0;32m  OK  [0m] Started ebtables ruleset management.
[[0;32m  OK  [0m] Started Set console font and keymap.
[[0;32m  OK  [0m] Started AppArmor initialization.
         Starting Load AppArmor profiles managed internally by snapd...
         Starting Initial cloud-init job (pre-networking)...
[[0;32m  OK  [0m] Started Load AppArmor profiles managed internally by snapd.
[   21.148397] cloud-init[803]: Cloud-init v. 23.1.2-0ubuntu0~18.04.1 running 'init-local' at Sun, 24 Nov 2024 18:06:17 +0000. Up 20.12 seconds.
[[0;32m  OK  [0m] Started Initial cloud-init job (pre-networking).
[[0;32m  OK  [0m] Reached target Network (Pre).
         Starting Network Service...
[[0;32m  OK  [0m] Started Network Service.
         Starting Wait for Network to be Configured...
         Starting Network Name Resolution...
[[0;32m  OK  [0m] Started Network Name Resolution.
[[0;32m  OK  [0m] Reached target Network.
[[0;32m  OK  [0m] Reached target Host and Network Name Lookups.
[[0;32m  OK  [0m] Started Wait for Network to be Configured.
         Starting Initial cloud-init job (metadata service crawler)...
[   25.366965] cloud-init[907]: Cloud-init v. 23.1.2-0ubuntu0~18.04.1 running 'init' at Sun, 24 Nov 2024 18:06:22 +0000. Up 24.79 seconds.
[   25.370703] cloud-init[907]: ci-info: ++++++++++++++++++++++++++++++++++++++Net device info++++++++++++++++++++++++++++++++++++++
[   25.385265] cloud-init[907]: ci-info: +--------+------+----------------------------+---------------+--------+-------------------+
[   25.389413] cloud-init[907]: ci-info: | Device |  Up  |          Address           |      Mask     | Scope  |     Hw-Address    |
[   25.393904] cloud-init[907]: ci-info: +--------+------+----------------------------+---------------+--------+-------------------+
[   25.398267] cloud-init[907]: ci-info: | enp0s3 | True |         10.0.2.15          | 255.255.255.0 | global | 02:3b:7b:b7:3b:2d |
[   25.403256] cloud-init[907]: ci-info: | enp0s3 | True | fd00::3b:7bff:feb7:3b2d/64 |       .       | global | 02:3b:7b:b7:3b:2d |
[   25.409495] cloud-init[907]: ci-info: | enp0s3 | True | fe80::3b:7bff:feb7:3b2d/64 |       .       |  link  | 02:3b:7b:b7:3b:2d |
[   25.414229] cloud-init[907]: ci-info: |   lo   | True |         127.0.0.1          |   255.0.0.0   |  host  |         .         |
[   25.419163] cloud-init[907]: ci-info: |   lo   | True |          ::1/128           |       .       |  host  |         .         |
[   25.422288] cloud-init[907]: ci-info: +--------+------+----------------------------+---------------+--------+-------------------+
[   25.426028] cloud-init[907]: ci-info: ++++++++++++++++++++++++++++Route IPv4 info+++++++++++++++++++++++++++++
[   25.429121] cloud-init[907]: ci-info: +-------+-------------+----------+-----------------+-----------+-------+
[   25.432143] cloud-init[907]: ci-info: | Route | Destination | Gateway  |     Genmask     | Interface | Flags |
[   25.435485] cloud-init[907]: ci-info: +-------+-------------+----------+-----------------+-----------+-------+
[   25.439301] cloud-init[907]: ci-info: |   0   |   0.0.0.0   | 10.0.2.2 |     0.0.0.0     |   enp0s3  |   UG  |
[   25.443001] cloud-init[907]: ci-info: |   1   |   10.0.2.0  | 0.0.0.0  |  255.255.255.0  |   enp0s3  |   U   |
[   25.445721] cloud-init[907]: ci-info: |   2   |   10.0.2.2  | 0.0.0.0  | 255.255.255.255 |   enp0s3  |   UH  |
[   25.449728] cloud-init[907]: ci-info: +-------+-------------+----------+-----------------+-----------+-------+
[   25.453764] cloud-init[907]: ci-info: +++++++++++++++++++Route IPv6 info+++++++++++++++++++
[   25.456865] cloud-init[907]: ci-info: +-------+-------------+---------+-----------+-------+
[   25.459009] cloud-init[907]: ci-info: | Route | Destination | Gateway | Interface | Flags |
[   25.461334] cloud-init[907]: ci-info: +-------+-------------+---------+-----------+-------+
[   25.463464] cloud-init[907]: ci-info: |   1   |  fd00::/64  |    ::   |   enp0s3  |   U   |
[   25.466236] cloud-init[907]: ci-info: |   2   |  fe80::/64  |    ::   |   enp0s3  |   U   |
[   25.468425] cloud-init[907]: ci-info: |   3   |     ::/0    | fe80::2 |   enp0s3  |   UG  |
[   25.471079] cloud-init[907]: ci-info: |   5   |    local    |    ::   |   enp0s3  |   U   |
[   25.473431] cloud-init[907]: ci-info: |   6   |   ff00::/8  |    ::   |   enp0s3  |   U   |
[   25.475483] cloud-init[907]: ci-info: +-------+-------------+---------+-----------+-------+
[   26.585240] cloud-init[907]: Generating public/private rsa key pair.
[   26.587057] cloud-init[907]: Your identification has been saved in /etc/ssh/ssh_host_rsa_key.
[   26.589461] cloud-init[907]: Your public key has been saved in /etc/ssh/ssh_host_rsa_key.pub.
[   26.591918] cloud-init[907]: The key fingerprint is:
[   26.593598] cloud-init[907]: SHA256:y3SAruNgJ/WWoTfXIYrF+3is8Ht67LaUF0gm9Gdh5dU root@ubuntu-bionic
[   26.596072] cloud-init[907]: The key's randomart image is:
[   26.597957] cloud-init[907]: +---[RSA 2048]----+
[   26.599639] cloud-init[907]: |      .   o.. .. |
[   26.601706] cloud-init[907]: |     . o . o .  E|
[   26.603937] cloud-init[907]: |      o = o .    |
[   26.605385] cloud-init[907]: |     o + =       |
[   26.607089] cloud-init[907]: |    . = S +      |
[   26.608550] cloud-init[907]: |   . * B * o     |
[   26.610124] cloud-init[907]: |  + B Oo* o      |
[   26.611597] cloud-init[907]: | . = * *B.       |
[   26.613202] cloud-init[907]: |    . *X+.       |
[   26.615705] cloud-init[907]: +----[SHA256]-----+
[   26.617570] cloud-init[907]: Generating public/private dsa key pair.
[   26.619141] cloud-init[907]: Your identification has been saved in /etc/ssh/ssh_host_dsa_key.
[   26.621372] cloud-init[907]: Your public key has been saved in /etc/ssh/ssh_host_dsa_key.pub.
[   26.623643] cloud-init[907]: The key fingerprint is:
[   26.625693] cloud-init[907]: SHA256:XCFIwRamFFNorL7sG6x/6EruvZq+uBT2BSdO02ZyG4g root@ubuntu-bionic
[   26.628108] cloud-init[907]: The key's randomart image is:
[   26.629667] cloud-init[907]: +---[DSA 1024]----+
[   26.631141] cloud-init[907]: |   .+**+. .      |
[   26.632684] cloud-init[907]: |  ..*++  . .     |
[   26.634165] cloud-init[907]: | E X.O    .      |
[   26.635689] cloud-init[907]: |  + X o. .       |
[   26.637109] cloud-init[907]: | + . o  S        |
[   26.638518] cloud-init[907]: |..+ .            |
[   26.639965] cloud-init[907]: | +o+             |
[   26.641489] cloud-init[907]: |=.*..            |
[   26.642944] cloud-init[907]: |B&B=.            |
[   26.644472] cloud-init[907]: +----[SHA256]-----+
[   26.646590] cloud-init[907]: Generating public/private ecdsa key pair.
[   26.648701] cloud-init[907]: Your identification has been saved in /etc/ssh/ssh_host_ecdsa_key.
[   26.651192] cloud-init[907]: Your public key has been saved in /etc/ssh/ssh_host_ecdsa_key.pub.
[   26.654468] cloud-init[907]: The key fingerprint is:
[   26.668940] cloud-init[907]: SHA256:DwHuQjQ6BPY3ZWqVuZHIbdmZ7DMUMVrloslydf7PZU4 root@ubuntu-bionic
[   26.671736] cloud-init[907]: The key's randomart image is:
[   26.674165] cloud-init[907]: +---[ECDSA 256]---+
[   26.684513] [[0;32m  OK  [0m] Started Initial cloud-init job (metadata service crawler).
cloud-init[907]: |.o. + ++B=*.     |
[[0;32m  OK  [0m] Reached target Network is Online.
[   26.688642] cloud-init[907]: |...o ==Xo*o      |
[   26.690492] cloud-init         Starting Availability of block devices...
[[0;32m  OK  [0m] Reached target Remote File Systems (Pre).
[[0;32m  OK  [0m] Reached target Remote File Systems.
[[0;32m  OK  [0m] Reached target Cloud-config availability.
[[0;32m  OK  [0m] Reached target System Initialization.
[[0;32m  OK  [0m] Listening on D-Bus System Message Bus Socket.
         Starting Socket activation for snappy daemon.
[[0;32m  OK  [0m] Started Ubuntu Advantage Timer for running repeated jobs.
[907]: |  o..=o.*o o     |
[   26.707766] [[0;32m  OK  [0m] Started ACPI Events Check.
[[0;32m  OK  [0m] Started Daily Cleanup of Temporary Directories.
[[0;32m  OK  [0m] Started Message of the Day.
cloud-init[907]: |   oo.o.+=+      |
         Starting LXD - unix socket.
[[0;32m  OK  [0m] Listening on ACPID Listen Socket.
[   26.717418] [[0;32m  OK  [0m] Listening on Open-iSCSI iscsid Socket.
cloud-init[907]: |    ...=S o.     |
[[0;32m  OK  [0m] Listening on UUID daemon activation socket.
[   26.729782] cloud-init[907]: |     .o  o  .    |
[[0;32m  OK  [0m] Started Discard unused blocks once a week.
[   26.730720] [[0;32m  OK  [0m] Reached target Paths.
[[0;32m  OK  [0m] Listening on cloud-init hotplug hook socket.
[[0;32m  OK  [0m] Started Daily apt download activities.
[[0;32m  OK  [0m] Started Daily apt upgrade and clean activities.
[[0;32m  OK  [0m] Reached target Timers.
[[0;32m  OK  [0m] Started Availability of block devices.
[[0;32m  OK  [0m] Listening on Socket activation for snappy daemon.
[[0;32m  OK  [0m] Listening on LXD - unix socket.
[[0;32m  OK  [0m] Reached target Sockets.
[[0;32m  OK  [0m] Reached target Basic System.
cloud-init[907]: |          .  .  E|[[0;32m  OK  [0m] Started Deferred execution scheduler.

         Starting Login Service...
[   26.748502] cloud-init[907]: |              o+.|
[[0;32m  OK  [0m] Started Regular background program processing daemon.
[   26.756376]          Starting Accounts Service...
cloud-init[907]: |               o.|
         Starting Permit User Sessions...
[   26.765858] cloud-init[907]:          Starting LSB: Record successful boot for GRUB...
+----[SHA256]-----+
[   26.771292] cloud-init[907]: Generating public/private ed25519 key pair.
[   26.780670] cloud-init[907]: Your identification has been saved in /etc/ssh/ssh_host_ed25519_key.
[   26.784500] cloud-init[907]: Your public key has been saved in /etc/ssh/ssh_host_ed25519_key.pub.
[   26.796395] cloud-init[907]: The key fingerprint is:
         Starting Dispatcher daemon for systemd-networkd...
[   26.812368] cloud-init[907]: SHA256:yZMIUIOYvU1fRpFWDAEGmou6DO8vnmBkz1jELvL1eWQ root@ubuntu-bionic
[   26.822624] cloud-init[907]:          Starting System Logging Service...
The key's randomart image is:
         Starting Virtualbox guest utils...
[   26.836952] cloud-init[907]: +--[ED25519 256]--+
[[0;32m  OK  [0m] Reached target Login Prompts (Pre).
[   26.849081] cloud-init[907]: | +.o+.oo=B.      |
         Starting LXD - container startup/shutdown...
[[0;32m  OK  [0m] Started FUSE filesystem for LXC.
[   26.851858] cloud-init[907]: |o ++.o  = .      |
[   26.859098] cloud-init[907]: |  o*.. +         |
[   26.860552] cloud-init[907]: | .+....o o       |
[   26.863013] cloud-init[907]: |o+.o. . E        |
[   26.865571] cloud-init[907]: |=.*. . + .       |
[   26.868857] cloud-init[907]: |+o.o  o .        |
[   26.870559] cloud-init[907]: |++..   .         |
[   26.873120] cloud-init[907]: |.+=o.            |
[   26.877655] cloud-init[907]: +----[SHA256]-----+
[[0;32m  OK  [0m] Started irqbalance daemon.
         Starting Pollinate to seed the pseudo random number generator...
         Starting LSB: automatic crash report generation...
[[0;32m  OK  [0m] Started D-Bus System Message Bus.
[[0;32m  OK  [0m] Started Login Service.
[[0;32m  OK  [0m] Started Unattended Upgrades Shutdown.
         Starting Snap Daemon...
[[0;32m  OK  [0m] Started System Logging Service.
[[0;32m  OK  [0m] Started Permit User Sessions.
[[0;32m  OK  [0m] Started LSB: automatic crash report generation.
         Starting Authorization Manager...
         Starting Hostname Service...
         Starting Terminate Plymouth Boot Screen...
         Starting Hold until boot process finishes up...
[[0;32m  OK  [0m] Started Hold until boot process finishes up.
[[0;32m  OK  [0m] Started LSB: Record successful boot for GRUB.
[[0;32m  OK  [0m] Started Serial Getty on ttyS0.
         Starting Set console scheme...
[[0;32m  OK  [0m] Started Terminate Plymouth Boot Screen.
[[0;32m  OK  [0m] Started Set console scheme.
[[0;32m  OK  [0m] Created slice system-getty.slice.
[[0;32m  OK  [0m] Started Getty on tty1.
[[0;32m  OK  [0m] Reached target Login Prompts.
[[0;32m  OK  [0m] Started Authorization Manager.
[[0;32m  OK  [0m] Started Accounts Service.
[[0;32m  OK  [0m] Started Dispatcher daemon for systemd-networkd.
[[0;32m  OK  [0m] Started LXD - container startup/shutdown.
[[0;32m  OK  [0m] Started Hostname Service.
[[0;32m  OK  [0m] Started Virtualbox guest utils.
[[0;32m  OK  [0m] Started Snap Daemon.
         Starting Wait until snapd is fully seeded...
[[0;32m  OK  [0m] Started Pollinate to seed the pseudo random number generator.
         Starting OpenBSD Secure Shell server...
[[0;32m  OK  [0m] Started OpenBSD Secure Shell server.
[[0;32m  OK  [0m] Created slice User Slice of vagrant.
         Starting User Manager for UID 1000...
[[0;32m  OK  [0m] Started Session 1 of user vagrant.
[[0;32m  OK  [0m] Started User Manager for UID 1000.
         Starting Time & Date Service...
[[0;32m  OK  [0m] Started Time & Date Service.

Ubuntu 18.04.6 LTS ubuntu-bionic ttyS0

ubuntu-bionic login: [   38.331187] cloud-init[1580]: Cloud-init v. 23.1.2-0ubuntu0~18.04.1 running 'modules:config' at Sun, 24 Nov 2024 18:06:34 +0000. Up 36.89 seconds.
ci-info: no authorized SSH keys fingerprints found for user ubuntu.
<14>Nov 24 18:06:38 cloud-init: #############################################################
<14>Nov 24 18:06:38 cloud-init: -----BEGIN SSH HOST KEY FINGERPRINTS-----
<14>Nov 24 18:06:38 cloud-init: 1024 SHA256:XCFIwRamFFNorL7sG6x/6EruvZq+uBT2BSdO02ZyG4g root@ubuntu-bionic (DSA)
<14>Nov 24 18:06:38 cloud-init: 256 SHA256:DwHuQjQ6BPY3ZWqVuZHIbdmZ7DMUMVrloslydf7PZU4 root@ubuntu-bionic (ECDSA)
<14>Nov 24 18:06:38 cloud-init: 256 SHA256:yZMIUIOYvU1fRpFWDAEGmou6DO8vnmBkz1jELvL1eWQ root@ubuntu-bionic (ED25519)
<14>Nov 24 18:06:38 cloud-init: 2048 SHA256:y3SAruNgJ/WWoTfXIYrF+3is8Ht67LaUF0gm9Gdh5dU root@ubuntu-bionic (RSA)
<14>Nov 24 18:06:38 cloud-init: -----END SSH HOST KEY FINGERPRINTS-----
<14>Nov 24 18:06:38 cloud-init: #############################################################
-----BEGIN SSH HOST KEY KEYS-----
ecdsa-sha2-nistp256 AAAAE2VjZHNhLXNoYTItbmlzdHAyNTYAAAAIbmlzdHAyNTYAAABBBPeN62JEaQQHbMr8gZNK48zwJ4C+f5tFkI3HFPbuC+wXWP30F4OlStTuo+qRM22nUSvoGQA1m5nNVZb9HXyKWv4= root@ubuntu-bionic
ssh-ed25519 AAAAC3NzaC1lZDI1NTE5AAAAIGpKlhkISuAxR8z1Q6brN/sU17DnmJN1DFdHoiMALTFX root@ubuntu-bionic
ssh-rsa AAAAB3NzaC1yc2EAAAADAQABAAABAQDNCmm4uxfeuifjxgXCIRi6yI10NKlxAO8Yl/2oVw90DBQEXydwoQNOQDqTctkzzjogLFFYyZ2cWtS2V8WfZfZ8K2ASO3Dy9EBFJ0nreyOMbcBeu7N1O44ZIWT/NACsN3/qGt/HZTy0bIzWojPJBWnC1hUYnA5j1UEr7KT/2OWL5sVyUlP8/c4mTPuy0W3GX8bDy1IT0arzsEz0ARXVxKFJdrB0NDv1Oiv4tMvea6IIOnZLi5Zop3NaOJU0pCE0+SZyGEPnUKNpvKG/1c75UR7d3xL24Tiwn7Y43XnVhM4YRN/pFAxeL2WAbgPnhURrc9C7WzjrqtDPta1iyCoXLph5 root@ubuntu-bionic
-----END SSH HOST KEY KEYS-----
[   40.682382] cloud-init[1743]: Cloud-init v. 23.1.2-0ubuntu0~18.04.1 running 'modules:final' at Sun, 24 Nov 2024 18:06:37 +0000. Up 40.03 seconds.
[   40.682547] cloud-init[1743]: Cloud-init v. 23.1.2-0ubuntu0~18.04.1 finished at Sun, 24 Nov 2024 18:06:38 +0000. Datasource DataSourceNoCloud [seed=/dev/sdb][dsmode=net].  Up 40.66 seconds
